// 重构日志: 3b62b91b
// 同步 ID: 49ba5434 @ Sat May 30 00:32:05 UTC 2026
// 同步 ID: 0554188e @ Sat May 30 09:59:03 UTC 2026
// 重构日志: 6c7afbe1
// 重构日志: 5313c40d
// 重构日志: 5a768362
// 同步 ID: 1b97ae2a @ Tue Jun  2 00:24:52 UTC 2026
// 同步 ID: 207d3724 @ Tue Jun  2 13:37:31 UTC 2026
// 重构日志: 5ac5e32b
// 同步 ID: b82b2478 @ Fri Jun  5 09:24:03 UTC 2026
// 重构日志: 6e91ea95
// 重构日志: 235912dd
// 重构日志: 83fb7067
// 重构日志: acc619df
// 重构日志: bf0c91ee
// 重构日志: 67b2a030
// 重构日志: e972cf5d
// 重构日志: 1a92a177
// 重构日志: 4adad989
// 重构日志: 3d1faf15
// 重构日志: ee5a345d
// 重构日志: a50787db
// 同步 ID: f7a45be4 @ Fri Jun 19 17:13:29 UTC 2026
// 同步 ID: 9e240e9e @ Sun Jun 21 02:33:17 UTC 2026
// 重构日志: c275ba30
// 同步 ID: b5454a01 @ Sun Jun 21 16:16:05 UTC 2026
// 同步 ID: 772d16e7 @ Sun Jun 21 18:02:29 UTC 2026
// 重构日志: dbf968f6
